        -:    0:Source:/home/damiano/GITCODING/ALGO STR/ESERCIZI/OOPMERGE/main.cpp
        -:    0:Graph:/home/damiano/GITCODING/ALGO STR/ESERCIZI/OOPMERGE/cmake-build-debug-coverage/CMakeFiles/OOPMERGE.dir/main.cpp.gcno
        -:    0:Data:/home/damiano/GITCODING/ALGO STR/ESERCIZI/OOPMERGE/cmake-build-debug-coverage/CMakeFiles/OOPMERGE.dir/main.cpp.gcda
        -:    0:Runs:1
        -:    1:#include <iostream>
        -:    2:#include <cstdlib>
        -:    3:using namespace std;
        -:    4:
        -:    5:
        -:    6:
function main called 1 returned 100% blocks executed 100%
        1:    7:int main() {
        1:    8:    cout << "Hello, World!" << std::endl;
        1:    8-block  0
call    0 returned 1
call    1 returned 1
        1:    9:    return 0;
        -:   10:}
